<?xml version="1.0" encoding="UTF-8"?>
<testng-results skipped="0" failed="0" total="8" passed="8">
  <reporter-output>
  </reporter-output>
  <suite name="Default suite" duration-ms="12360" started-at="2022-09-17T15:50:08Z" finished-at="2022-09-17T15:50:20Z">
    <groups>
      <group name="cucumber">
        <method signature="AbstractTestNGCucumberTests.runScenario(io.cucumber.testng.PickleWrapper, io.cucumber.testng.FeatureWrapper)[pri:0, instance:node.runner.MyRunner@490ab905]" name="runScenario" class="io.cucumber.testng.AbstractTestNGCucumberTests"/>
      </group> <!-- cucumber -->
    </groups>
    <test name="Default test" duration-ms="12360" started-at="2022-09-17T15:50:08Z" finished-at="2022-09-17T15:50:20Z">
      <class name="node.runner.MyRunner">
        <test-method status="PASS" signature="setUpClass()[pri:0, instance:node.runner.MyRunner@490ab905]" name="setUpClass" is-config="true" duration-ms="1181" started-at="2022-09-17T11:50:08Z" finished-at="2022-09-17T11:50:09Z">
          <reporter-output>
          </reporter-output>
        </test-method> <!-- setUpClass -->
        <test-method status="PASS" signature="runScenario(io.cucumber.testng.PickleWrapper, io.cucumber.testng.FeatureWrapper)[pri:0, instance:node.runner.MyRunner@490ab905]" name="runScenario" duration-ms="7295" started-at="2022-09-17T11:50:09Z" description="Runs Cucumber Scenarios" data-provider="scenarios" finished-at="2022-09-17T11:50:16Z">
          <params>
            <param index="0">
              <value>
                <![CDATA["Login using valid credentials"]]>
              </value>
            </param>
            <param index="1">
              <value>
                <![CDATA["Optional[Managing Sessions]"]]>
              </value>
            </param>
          </params>
          <reporter-output>
          </reporter-output>
        </test-method> <!-- runScenario -->
        <test-method status="PASS" signature="runScenario(io.cucumber.testng.PickleWrapper, io.cucumber.testng.FeatureWrapper)[pri:0, instance:node.runner.MyRunner@490ab905]" name="runScenario" duration-ms="334" started-at="2022-09-17T11:50:16Z" description="Runs Cucumber Scenarios" data-provider="scenarios" finished-at="2022-09-17T11:50:17Z">
          <params>
            <param index="0">
              <value>
                <![CDATA["Login using invalid credentials"]]>
              </value>
            </param>
            <param index="1">
              <value>
                <![CDATA["Optional[Managing Sessions]"]]>
              </value>
            </param>
          </params>
          <reporter-output>
          </reporter-output>
        </test-method> <!-- runScenario -->
        <test-method status="PASS" signature="runScenario(io.cucumber.testng.PickleWrapper, io.cucumber.testng.FeatureWrapper)[pri:0, instance:node.runner.MyRunner@490ab905]" name="runScenario" duration-ms="2428" started-at="2022-09-17T11:50:17Z" description="Runs Cucumber Scenarios" data-provider="scenarios" finished-at="2022-09-17T11:50:19Z">
          <params>
            <param index="0">
              <value>
                <![CDATA["Adding a new order to basket collection"]]>
              </value>
            </param>
            <param index="1">
              <value>
                <![CDATA["Optional[Managing orders]"]]>
              </value>
            </param>
          </params>
          <reporter-output>
          </reporter-output>
        </test-method> <!-- runScenario -->
        <test-method status="PASS" signature="runScenario(io.cucumber.testng.PickleWrapper, io.cucumber.testng.FeatureWrapper)[pri:0, instance:node.runner.MyRunner@490ab905]" name="runScenario" duration-ms="171" started-at="2022-09-17T11:50:19Z" description="Runs Cucumber Scenarios" data-provider="scenarios" finished-at="2022-09-17T11:50:19Z">
          <params>
            <param index="0">
              <value>
                <![CDATA["Gettting a order from basket collection"]]>
              </value>
            </param>
            <param index="1">
              <value>
                <![CDATA["Optional[Managing orders]"]]>
              </value>
            </param>
          </params>
          <reporter-output>
          </reporter-output>
        </test-method> <!-- runScenario -->
        <test-method status="PASS" signature="runScenario(io.cucumber.testng.PickleWrapper, io.cucumber.testng.FeatureWrapper)[pri:0, instance:node.runner.MyRunner@490ab905]" name="runScenario" duration-ms="113" started-at="2022-09-17T11:50:19Z" description="Runs Cucumber Scenarios" data-provider="scenarios" finished-at="2022-09-17T11:50:19Z">
          <params>
            <param index="0">
              <value>
                <![CDATA["Deleting a order from basket collection"]]>
              </value>
            </param>
            <param index="1">
              <value>
                <![CDATA["Optional[Managing orders]"]]>
              </value>
            </param>
          </params>
          <reporter-output>
          </reporter-output>
        </test-method> <!-- runScenario -->
        <test-method status="PASS" signature="runScenario(io.cucumber.testng.PickleWrapper, io.cucumber.testng.FeatureWrapper)[pri:0, instance:node.runner.MyRunner@490ab905]" name="runScenario" duration-ms="121" started-at="2022-09-17T11:50:19Z" description="Runs Cucumber Scenarios" data-provider="scenarios" finished-at="2022-09-17T11:50:20Z">
          <params>
            <param index="0">
              <value>
                <![CDATA["Adding a new product to products collection"]]>
              </value>
            </param>
            <param index="1">
              <value>
                <![CDATA["Optional[Managing products]"]]>
              </value>
            </param>
          </params>
          <reporter-output>
          </reporter-output>
        </test-method> <!-- runScenario -->
        <test-method status="PASS" signature="runScenario(io.cucumber.testng.PickleWrapper, io.cucumber.testng.FeatureWrapper)[pri:0, instance:node.runner.MyRunner@490ab905]" name="runScenario" duration-ms="128" started-at="2022-09-17T11:50:20Z" description="Runs Cucumber Scenarios" data-provider="scenarios" finished-at="2022-09-17T11:50:20Z">
          <params>
            <param index="0">
              <value>
                <![CDATA["Updating a available product from products collection"]]>
              </value>
            </param>
            <param index="1">
              <value>
                <![CDATA["Optional[Managing products]"]]>
              </value>
            </param>
          </params>
          <reporter-output>
          </reporter-output>
        </test-method> <!-- runScenario -->
        <test-method status="PASS" signature="runScenario(io.cucumber.testng.PickleWrapper, io.cucumber.testng.FeatureWrapper)[pri:0, instance:node.runner.MyRunner@490ab905]" name="runScenario" duration-ms="400" started-at="2022-09-17T11:50:20Z" description="Runs Cucumber Scenarios" data-provider="scenarios" finished-at="2022-09-17T11:50:20Z">
          <params>
            <param index="0">
              <value>
                <![CDATA["Deleting a available product from products collection"]]>
              </value>
            </param>
            <param index="1">
              <value>
                <![CDATA["Optional[Managing products]"]]>
              </value>
            </param>
          </params>
          <reporter-output>
          </reporter-output>
        </test-method> <!-- runScenario -->
        <test-method status="PASS" signature="tearDownClass()[pri:0, instance:node.runner.MyRunner@490ab905]" name="tearDownClass" is-config="true" duration-ms="119" started-at="2022-09-17T11:50:20Z" finished-at="2022-09-17T11:50:20Z">
          <reporter-output>
          </reporter-output>
        </test-method> <!-- tearDownClass -->
      </class> <!-- node.runner.MyRunner -->
    </test> <!-- Default test -->
  </suite> <!-- Default suite -->
</testng-results>
